п»ї=== SSIS Flight Anomaly Pipeline вЂ” 2026-06-08 21:51:06 ===
Python  : C:\Users\hamda\AppData\Local\Programs\Python\Python313\python.exe
Script  : C:\Users\hamda\Desktop\FlightAnomaly\pipeline.py
ExitCode: 0

в”Ђв”Ђв”Ђ STDOUT в”Ђв”Ђв”Ђв”Ђв”Ђв”Ђв”Ђв”Ђв”Ђв”Ђв”Ђв”Ђв”Ђв”Ђв”Ђв”Ђв”Ђв”Ђв”Ђв”Ђв”Ђв”Ђв”Ђв”Ђв”Ђв”Ђв”Ђв”Ђв”Ђв”Ђв”Ђв”Ђв”Ђв”Ђв”Ђв”Ђв”Ђв”Ђв”Ђ
Test connexion SQL Server...
  AIMS        : 14382 lignes
  MRO         : 16174 lignes
  VolsValides : 14097 lignes

=============================================
  PIPELINE DETECTION ANOMALIES VOLS
=============================================

[ETAPE 1/2] Entrainement du modele...

==================================================
RESULTAT ENTRAINEMENT
==================================================
  Vols train                        : 11268
  Vols test  (non vus)              : 2818
  Faux positifs sur train           : 562 (5.0%)
  Faux positifs sur test            : 159  (5.6%)
    -> attendu ~5%  (= contamination)
  Score moyen test                  : -0.5024
  Score min  test (plus suspect)    : -0.6626
  Score max  test (plus normal)     : -0.4172
==================================================

Modele pret : models/isolation_forest.pkl
Encodeur pret : models/label_encoders.pkl

[ETAPE 2/2] Prediction sur AIMS et MRO...

=======================================================
  RESULTATS DETECTION ANOMALIES
=======================================================

  AIMS (302 vols non matches) :
    [OK] Normaux (IF)         : 199
    [!]  Suspects (IF)        : 91
    [X]  Tres Suspects (IF)   : 0
    [X]  Donnees incompletes  : 7

  MRO (2077 vols non matches) :
    [OK] Normaux (IF)         : 1553
    [!]  Suspects (IF)        : 490
    [X]  Tres Suspects (IF)   : 0
    [X]  Donnees incompletes  : 1

  Tables creees dans SQL Server :
    -> AnomaliesAIMS     (103 lignes)
    -> AnomaliesMRO      (524 lignes)
    -> VoisNormalesAIMS  (199 lignes)
    -> VoisNormalesMRO   (1553 lignes)
=======================================================

=============================================
  PIPELINE TERMINE
=============================================
Les tables AnomaliesAIMS et AnomaliesMRO
sont disponibles dans SQL Server.


в”Ђв”Ђв”Ђ STDERR в”Ђв”Ђв”Ђв”Ђв”Ђв”Ђв”Ђв”Ђв”Ђв”Ђв”Ђв”Ђв”Ђв”Ђв”Ђв”Ђв”Ђв”Ђв”Ђв”Ђв”Ђв”Ђв”Ђв”Ђв”Ђв”Ђв”Ђв”Ђв”Ђв”Ђв”Ђв”Ђв”Ђв”Ђв”Ђв”Ђв”Ђв”Ђв”Ђ
2026-06-08 21:50:49,280 [INFO] Table 'AIMS' : 14382 lignes.
2026-06-08 21:50:49,992 [INFO] Table 'MRO' : 16174 lignes.
2026-06-08 21:50:50,473 [INFO] Table 'VolsValidesEtape1' : 14097 lignes.
2026-06-08 21:50:50,475 [INFO] Chargement de VolsValidesEtape1...
2026-06-08 21:50:50,885 [INFO] Table 'VolsValidesEtape1' : 14097 lignes.
2026-06-08 21:50:50,928 [INFO]   14086 vols valides apres nettoyage.
2026-06-08 21:50:50,929 [INFO] Encodage des 5 features...
2026-06-08 21:50:50,931 [INFO]   'Matricule' : 15 valeurs uniques
2026-06-08 21:50:50,933 [INFO]   'AeroDepart' : 53 valeurs uniques
2026-06-08 21:50:50,935 [INFO]   'AeroArriv' : 55 valeurs uniques
2026-06-08 21:50:50,975 [INFO]   Tables freq : 828 vol-jours | 494 vol-familles | 744 route-jours | 1239 combos (famille)
2026-06-08 21:50:50,975 [INFO] Encodeur entraine sur 14086 vols valides (10 features).
2026-06-08 21:50:55,492 [INFO]   Matrice : 14086 lignes x 10 features.
2026-06-08 21:50:55,495 [INFO]   Train : 11268 vols  |  Test : 2818 vols
2026-06-08 21:50:55,495 [INFO] Entrainement Isolation Forest...
2026-06-08 21:50:56,100 [INFO]   Modele entraine.
2026-06-08 21:50:56,123 [INFO]   Modele sauvegarde -> models/isolation_forest.pkl
2026-06-08 21:50:56,128 [INFO] Encodeur sauvegarde -> models/label_encoders.pkl
2026-06-08 21:50:56,493 [INFO] Modele charge.
2026-06-08 21:50:56,495 [INFO] Encodeur charge <- models/label_encoders.pkl
2026-06-08 21:50:56,903 [INFO] Table 'VolsValidesEtape1' : 14097 lignes.
2026-06-08 21:50:56,939 [INFO] ГўвЂќв‚¬ГўвЂќв‚¬ГўвЂќв‚¬ГўвЂќв‚¬ГўвЂќв‚¬ГўвЂќв‚¬ГўвЂќв‚¬ГўвЂќв‚¬ГўвЂќв‚¬ГўвЂќв‚¬ГўвЂќв‚¬ГўвЂќв‚¬ГўвЂќв‚¬ГўвЂќв‚¬ГўвЂќв‚¬ГўвЂќв‚¬ГўвЂќв‚¬ГўвЂќв‚¬ГўвЂќв‚¬ГўвЂќв‚¬ГўвЂќв‚¬ГўвЂќв‚¬ГўвЂќв‚¬ГўвЂќв‚¬ГўвЂќв‚¬ГўвЂќв‚¬ГўвЂќв‚¬ГўвЂќв‚¬ГўвЂќв‚¬ГўвЂќв‚¬ГўвЂќв‚¬ГўвЂќв‚¬ГўвЂќв‚¬ГўвЂќв‚¬ГўвЂќв‚¬ГўвЂќв‚¬ГўвЂќв‚¬ГўвЂќв‚¬ГўвЂќв‚¬ГўвЂќв‚¬ГўвЂќв‚¬ГўвЂќв‚¬ГўвЂќв‚¬ГўвЂќв‚¬ГўвЂќв‚¬ГўвЂќв‚¬ГўвЂќв‚¬ГўвЂќв‚¬ГўвЂќв‚¬ГўвЂќв‚¬
2026-06-08 21:50:56,939 [INFO] Chargement des vols non matches...
2026-06-08 21:50:56,989 [INFO] Requete : 302 lignes.
2026-06-08 21:50:57,051 [INFO] Requete : 2077 lignes.
2026-06-08 21:50:57,052 [INFO] Vols non matches : 2379 (AIMS=302, MRO=2077)
2026-06-08 21:50:57,065 [WARNING]   8 vols avec champs vides ГўвЂ вЂ™ flaggГѓВ©s Suspect directement (non scorГѓВ©s par IF).
2026-06-08 21:50:57,068 [INFO] ГўвЂќв‚¬ГўвЂќв‚¬ГўвЂќв‚¬ГўвЂќв‚¬ГўвЂќв‚¬ГўвЂќв‚¬ГўвЂќв‚¬ГўвЂќв‚¬ГўвЂќв‚¬ГўвЂќв‚¬ГўвЂќв‚¬ГўвЂќв‚¬ГўвЂќв‚¬ГўвЂќв‚¬ГўвЂќв‚¬ГўвЂќв‚¬ГўвЂќв‚¬ГўвЂќв‚¬ГўвЂќв‚¬ГўвЂќв‚¬ГўвЂќв‚¬ГўвЂќв‚¬ГўвЂќв‚¬ГўвЂќв‚¬ГўвЂќв‚¬ГўвЂќв‚¬ГўвЂќв‚¬ГўвЂќв‚¬ГўвЂќв‚¬ГўвЂќв‚¬ГўвЂќв‚¬ГўвЂќв‚¬ГўвЂќв‚¬ГўвЂќв‚¬ГўвЂќв‚¬ГўвЂќв‚¬ГўвЂќв‚¬ГўвЂќв‚¬ГўвЂќв‚¬ГўвЂќв‚¬ГўвЂќв‚¬ГўвЂќв‚¬ГўвЂќв‚¬ГўвЂќв‚¬ГўвЂќв‚¬ГўвЂќв‚¬ГўвЂќв‚¬ГўвЂќв‚¬ГўвЂќв‚¬ГўвЂќв‚¬
2026-06-08 21:50:57,068 [INFO] Scoring Isolation Forest sur vols non matches...
2026-06-08 21:50:57,883 [INFO]   Score weighting x1.25 : 527 vols a combinaison inconnue (FreqComboFamille=-1.0).
2026-06-08 21:50:57,883 [INFO]   Seuil TrГѓВЁs Suspect : -0.8162
2026-06-08 21:51:03,022 [INFO]   AIMS non matches scorГѓВ©s : 302  ГўвЂ вЂ™  suspects : 103
2026-06-08 21:51:03,022 [INFO]   MRO  non matches scorГѓВ©s : 2077   ГўвЂ вЂ™  suspects : 524
2026-06-08 21:51:03,022 [INFO] ГўвЂќв‚¬ГўвЂќв‚¬ГўвЂќв‚¬ГўвЂќв‚¬ГўвЂќв‚¬ГўвЂќв‚¬ГўвЂќв‚¬ГўвЂќв‚¬ГўвЂќв‚¬ГўвЂќв‚¬ГўвЂќв‚¬ГўвЂќв‚¬ГўвЂќв‚¬ГўвЂќв‚¬ГўвЂќв‚¬ГўвЂќв‚¬ГўвЂќв‚¬ГўвЂќв‚¬ГўвЂќв‚¬ГўвЂќв‚¬ГўвЂќв‚¬ГўвЂќв‚¬ГўвЂќв‚¬ГўвЂќв‚¬ГўвЂќв‚¬ГўвЂќв‚¬ГўвЂќв‚¬ГўвЂќв‚¬ГўвЂќв‚¬ГўвЂќв‚¬ГўвЂќв‚¬ГўвЂќв‚¬ГўвЂќв‚¬ГўвЂќв‚¬ГўвЂќв‚¬ГўвЂќв‚¬ГўвЂќв‚¬ГўвЂќв‚¬ГўвЂќв‚¬ГўвЂќв‚¬ГўвЂќв‚¬ГўвЂќв‚¬ГўвЂќв‚¬ГўвЂќв‚¬ГўвЂќв‚¬ГўвЂќв‚¬ГўвЂќв‚¬ГўвЂќв‚¬ГўвЂќв‚¬ГўвЂќв‚¬
2026-06-08 21:51:03,022 [INFO] Sauvegarde dans SQL Server...
2026-06-08 21:51:04,978 [INFO] Table 'AnomaliesAIMS' ecrite : 103 lignes.
2026-06-08 21:51:05,407 [INFO] Table 'AnomaliesMRO' ecrite : 524 lignes.
2026-06-08 21:51:05,703 [INFO] Table 'VoisNormalesAIMS' ecrite : 199 lignes.
2026-06-08 21:51:06,131 [INFO] Table 'VoisNormalesMRO' ecrite : 1553 lignes.


=== FIN (SUCCГ€S) ===
